0 info it worked if it ends with ok
1 verbose cli [ '/usr/bin/nodejs', '/usr/bin/npm', 'install', '-g', 'node-gyp' ]
2 info using npm@1.3.10
3 info using node@v0.10.25
4 verbose cache add [ 'node-gyp', null ]
5 verbose cache add name=undefined spec="node-gyp" args=["node-gyp",null]
6 verbose parsed url { protocol: null,
6 verbose parsed url   slashes: null,
6 verbose parsed url   auth: null,
6 verbose parsed url   host: null,
6 verbose parsed url   port: null,
6 verbose parsed url   hostname: null,
6 verbose parsed url   hash: null,
6 verbose parsed url   search: null,
6 verbose parsed url   query: null,
6 verbose parsed url   pathname: 'node-gyp',
6 verbose parsed url   path: 'node-gyp',
6 verbose parsed url   href: 'node-gyp' }
7 silly lockFile 54062583-node-gyp node-gyp
8 verbose lock node-gyp /root/.npm/54062583-node-gyp.lock
9 silly lockFile 54062583-node-gyp node-gyp
10 silly lockFile 54062583-node-gyp node-gyp
11 verbose addNamed [ 'node-gyp', '' ]
12 verbose addNamed [ null, '*' ]
13 silly lockFile c0cd6589-node-gyp node-gyp@
14 verbose lock node-gyp@ /root/.npm/c0cd6589-node-gyp.lock
15 silly addNameRange { name: 'node-gyp', range: '*', hasData: false }
16 verbose url raw node-gyp
17 verbose url resolving [ 'https://registry.npmjs.org/', './node-gyp' ]
18 verbose url resolved https://registry.npmjs.org/node-gyp
19 info trying registry request attempt 1 at 19:04:10
20 http GET https://registry.npmjs.org/node-gyp
21 info retry will retry, error on last attempt: Error: CERT_UNTRUSTED
22 info trying registry request attempt 2 at 19:04:21
23 http GET https://registry.npmjs.org/node-gyp
24 info retry will retry, error on last attempt: Error: CERT_UNTRUSTED
25 info trying registry request attempt 3 at 19:05:21
26 http GET https://registry.npmjs.org/node-gyp
27 silly lockFile c0cd6589-node-gyp node-gyp@
28 silly lockFile c0cd6589-node-gyp node-gyp@
29 error Error: CERT_UNTRUSTED
29 error     at SecurePair.<anonymous> (tls.js:1370:32)
29 error     at SecurePair.EventEmitter.emit (events.js:92:17)
29 error     at SecurePair.maybeInitFinished (tls.js:982:10)
29 error     at CleartextStream.read [as _read] (tls.js:469:13)
29 error     at CleartextStream.Readable.read (_stream_readable.js:320:10)
29 error     at EncryptedStream.write [as _write] (tls.js:366:25)
29 error     at doWrite (_stream_writable.js:223:10)
29 error     at writeOrBuffer (_stream_writable.js:213:5)
29 error     at EncryptedStream.Writable.write (_stream_writable.js:180:11)
29 error     at write (_stream_readable.js:583:24)
30 error If you need help, you may report this log at:
30 error     <http://github.com/isaacs/npm/issues>
30 error or email it to:
30 error     <npm-@googlegroups.com>
31 error System Linux 4.4.0-109-generic
32 error command "/usr/bin/nodejs" "/usr/bin/npm" "install" "-g" "node-gyp"
33 error cwd /home/forest/REPOS/BitBucket_Repos/ro-server/optimization-interface/cpp
34 error node -v v0.10.25
35 error npm -v 1.3.10
36 verbose exit [ 1, true ]
